<?xml version="1.0" encoding="utf-8"?><testsuites name="pytest tests"><testsuite name="pytest" errors="0" failures="0" skipped="2" tests="10" time="3.412" timestamp="2026-05-09T18:15:31.272303+00:00" hostname="agent-env-d6b5ec64-b11e-41d4-9400-152042ab500f"><testcase classname="backend.tests.test_iteration12.TestNotificationsAPI" name="test_list_notifications_admin" time="0.452" /><testcase classname="backend.tests.test_iteration12.TestNotificationsAPI" name="test_list_notifications_unauth" time="0.139" /><testcase classname="backend.tests.test_iteration12.TestNotificationsAPI" name="test_mark_all_read_admin" time="0.118" /><testcase classname="backend.tests.test_iteration12.TestRegistrationNotification" name="test_register_creates_admin_notification" time="1.176" /><testcase classname="backend.tests.test_iteration12.TestApproveNotification" name="test_approve_creates_user_notification" time="1.000" /><testcase classname="backend.tests.test_iteration12.TestApproveNotification" name="test_mark_one_read" time="0.187" /><testcase classname="backend.tests.test_iteration12.TestApproveNotification" name="test_mark_invalid_id_404" time="0.074" /><testcase classname="backend.tests.test_iteration12.TestStreak" name="test_initial_streak_zero" time="0.070" /><testcase classname="backend.tests.test_iteration12.TestStreak" name="test_calculator_run_increments_streak" time="0.055"><skipped type="pytest.skip" message="Calculator endpoint returned 422: {&quot;detail&quot;:[{&quot;type&quot;:&quot;missing&quot;,&quot;loc&quot;:[&quot;body&quot;,&quot;roles&quot;],&quot;msg&quot;:&quot;Field required&quot;,&quot;input&quot;:{&quot;is_gk&quot;:false,&quot;drill_filter&quot;:&quot;all&quot;,&quot;white_multiplier&quot;:1,&quot;bonus&quot;:0,&quot;white_attrs&quot;:[],&quot;iterations&quot;:1},&quot;url&quot;:&quot;https://er - cannot test streak">/app/backend/tests/test_iteration12.py:210: Calculator endpoint returned 422: {"detail":[{"type":"missing","loc":["body","roles"],"msg":"Field required","input":{"is_gk":false,"drill_filter":"all","white_multiplier":1,"bonus":0,"white_attrs":[],"iterations":1},"url":"https://er - cannot test streak</skipped></testcase><testcase classname="backend.tests.test_iteration12.TestStreak" name="test_same_day_run_no_double_increment" time="0.054"><skipped type="pytest.skip" message="Calculator endpoint returned 422">/app/backend/tests/test_iteration12.py:222: Calculator endpoint returned 422</skipped></testcase></testsuite></testsuites>