<?xml version="1.0" encoding="utf-8"?><testsuites name="pytest tests"><testsuite name="pytest" errors="0" failures="1" skipped="0" tests="30" time="5.831" timestamp="2026-04-19T15:01:01.587987+00:00" hostname="agent-env-d6b5ec64-b11e-41d4-9400-152042ab500f"><testcase classname="backend.tests.test_api.TestAuth" name="test_login_superadmin_success" time="0.379" /><testcase classname="backend.tests.test_api.TestAuth" name="test_auth_me_with_valid_cookie" time="0.342" /><testcase classname="backend.tests.test_api.TestAuth" name="test_login_invalid_credentials" time="0.290" /><testcase classname="backend.tests.test_api.TestAuth" name="test_auth_me_without_cookie" time="0.170" /><testcase classname="backend.tests.test_api.TestPackages" name="test_get_packages_public" time="0.110"><failure message="AssertionError: Trial package not found&#10;assert False&#10; +  where False = any(&lt;generator object TestPackages.test_get_packages_public.&lt;locals&gt;.&lt;genexpr&gt; at 0xffa1b68a6400&gt;)">backend/tests/test_api.py:110: in test_get_packages_public
    assert any("Trial" in n for n in names), "Trial package not found"
E   AssertionError: Trial package not found
E   assert False
E    +  where False = any(&lt;generator object TestPackages.test_get_packages_public.&lt;locals&gt;.&lt;genexpr&gt; at 0xffa1b68a6400&gt;)</failure></testcase><testcase classname="backend.tests.test_api.TestPackages" name="test_create_package_admin" time="0.073" /><testcase classname="backend.tests.test_api.TestPromos" name="test_validate_promo_success" time="0.232" /><testcase classname="backend.tests.test_api.TestPromos" name="test_validate_promo_invalid" time="0.232" /><testcase classname="backend.tests.test_api.TestPromos" name="test_list_promos_admin" time="0.058" /><testcase classname="backend.tests.test_api.TestRegistration" name="test_register_validates_package" time="0.148" /><testcase classname="backend.tests.test_api.TestRegistration" name="test_register_invalid_promo" time="0.288" /><testcase classname="backend.tests.test_api.TestRegistration" name="test_register_success_with_promo" time="0.708" /><testcase classname="backend.tests.test_api.TestCalculator" name="test_calculator_meta" time="0.106" /><testcase classname="backend.tests.test_api.TestCalculator" name="test_calculator_run_basic" time="0.057" /><testcase classname="backend.tests.test_api.TestCalculator" name="test_calculator_priority_bug_fix" time="0.054" /><testcase classname="backend.tests.test_api.TestCalculator" name="test_calculator_single_drill_mode" time="0.054" /><testcase classname="backend.tests.test_api.TestCalculator" name="test_calculator_step_details" time="0.062" /><testcase classname="backend.tests.test_api.TestUsers" name="test_list_users_admin" time="0.060" /><testcase classname="backend.tests.test_api.TestUsers" name="test_list_users_unauthorized" time="0.103" /><testcase classname="backend.tests.test_api.TestUsers" name="test_create_user_admin" time="0.519" /><testcase classname="backend.tests.test_api.TestTransactions" name="test_list_transactions_admin" time="0.060" /><testcase classname="backend.tests.test_api.TestDashboard" name="test_admin_dashboard" time="0.060" /><testcase classname="backend.tests.test_api.TestDashboard" name="test_marketing_dashboard" time="0.067" /><testcase classname="backend.tests.test_api.TestNewsEvents" name="test_list_news_public" time="0.122" /><testcase classname="backend.tests.test_api.TestNewsEvents" name="test_list_events_public" time="0.105" /><testcase classname="backend.tests.test_api.TestNewsEvents" name="test_create_news_admin" time="0.060" /><testcase classname="backend.tests.test_api.TestNewsEvents" name="test_create_event_admin" time="0.063" /><testcase classname="backend.tests.test_api.TestPaymentConfig" name="test_get_payment_config_admin" time="0.057" /><testcase classname="backend.tests.test_api.TestPaymentConfig" name="test_update_payment_config_superadmin" time="0.054" /><testcase classname="backend.tests.test_api.TestRolePermissions" name="test_admin_cannot_create_superadmin" time="0.907" /></testsuite></testsuites>