<?xml version="1.0" encoding="utf-8"?><testsuites name="pytest tests"><testsuite name="pytest" errors="0" failures="0" skipped="0" tests="30" time="6.257" timestamp="2026-04-18T17:31:03.132406+00:00" hostname="agent-env-d6b5ec64-b11e-41d4-9400-152042ab500f"><testcase classname="backend.tests.test_api.TestAuth" name="test_login_superadmin_success" time="0.537" /><testcase classname="backend.tests.test_api.TestAuth" name="test_auth_me_with_valid_cookie" time="0.338" /><testcase classname="backend.tests.test_api.TestAuth" name="test_login_invalid_credentials" time="0.278" /><testcase classname="backend.tests.test_api.TestAuth" name="test_auth_me_without_cookie" time="0.157" /><testcase classname="backend.tests.test_api.TestPackages" name="test_get_packages_public" time="0.111" /><testcase classname="backend.tests.test_api.TestPackages" name="test_create_package_admin" time="0.052" /><testcase classname="backend.tests.test_api.TestPromos" name="test_validate_promo_success" time="0.329" /><testcase classname="backend.tests.test_api.TestPromos" name="test_validate_promo_invalid" time="0.321" /><testcase classname="backend.tests.test_api.TestPromos" name="test_list_promos_admin" time="0.115" /><testcase classname="backend.tests.test_api.TestRegistration" name="test_register_validates_package" time="0.177" /><testcase classname="backend.tests.test_api.TestRegistration" name="test_register_invalid_promo" time="0.215" /><testcase classname="backend.tests.test_api.TestRegistration" name="test_register_success_with_promo" time="0.689" /><testcase classname="backend.tests.test_api.TestCalculator" name="test_calculator_meta" time="0.165" /><testcase classname="backend.tests.test_api.TestCalculator" name="test_calculator_run_basic" time="0.058" /><testcase classname="backend.tests.test_api.TestCalculator" name="test_calculator_priority_bug_fix" time="0.059" /><testcase classname="backend.tests.test_api.TestCalculator" name="test_calculator_single_drill_mode" time="0.055" /><testcase classname="backend.tests.test_api.TestCalculator" name="test_calculator_step_details" time="0.057" /><testcase classname="backend.tests.test_api.TestUsers" name="test_list_users_admin" time="0.059" /><testcase classname="backend.tests.test_api.TestUsers" name="test_list_users_unauthorized" time="0.125" /><testcase classname="backend.tests.test_api.TestUsers" name="test_create_user_admin" time="0.501" /><testcase classname="backend.tests.test_api.TestTransactions" name="test_list_transactions_admin" time="0.053" /><testcase classname="backend.tests.test_api.TestDashboard" name="test_admin_dashboard" time="0.056" /><testcase classname="backend.tests.test_api.TestDashboard" name="test_marketing_dashboard" time="0.056" /><testcase classname="backend.tests.test_api.TestNewsEvents" name="test_list_news_public" time="0.109" /><testcase classname="backend.tests.test_api.TestNewsEvents" name="test_list_events_public" time="0.190" /><testcase classname="backend.tests.test_api.TestNewsEvents" name="test_create_news_admin" time="0.053" /><testcase classname="backend.tests.test_api.TestNewsEvents" name="test_create_event_admin" time="0.055" /><testcase classname="backend.tests.test_api.TestPaymentConfig" name="test_get_payment_config_admin" time="0.064" /><testcase classname="backend.tests.test_api.TestPaymentConfig" name="test_update_payment_config_superadmin" time="0.066" /><testcase classname="backend.tests.test_api.TestRolePermissions" name="test_admin_cannot_create_superadmin" time="0.921" /></testsuite></testsuites>